Using pre-set license
Built from '2022.3/staging' branch; Version is '2022.3.11f1 (d00248457e15) revision 13632072'; Using compiler version '192829333'; Build Type 'Release'
OS: 'Windows 10  (10.0.19043) 64bit Professional' Language: 'ru' Physical Memory: 32717 MB
BatchMode: 1, IsHumanControllingUs: 0, StartBugReporterOnCrash: 0, Is64bit: 1, IsPro: 1

COMMAND LINE ARGUMENTS:
E:\Unity\2022.3.11f1\Editor\Unity.exe
-adb2
-batchMode
-noUpm
-name
AssetImportWorker1
-projectPath
F:/GitHub/Rolles/Rolles
-logFile
Logs/AssetImportWorker1.log
-srvPort
64324
Successfully changed project path to: F:/GitHub/Rolles/Rolles
F:/GitHub/Rolles/Rolles
[UnityMemory] Configuration Parameters - Can be set up in boot.config
    "memorysetup-bucket-allocator-granularity=16"
    "memorysetup-bucket-allocator-bucket-count=8"
    "memorysetup-bucket-allocator-block-size=33554432"
    "memorysetup-bucket-allocator-block-count=8"
    "memorysetup-main-allocator-block-size=16777216"
    "memorysetup-thread-allocator-block-size=16777216"
    "memorysetup-gfx-main-allocator-block-size=16777216"
    "memorysetup-gfx-thread-allocator-block-size=16777216"
    "memorysetup-cache-allocator-block-size=4194304"
    "memorysetup-typetree-allocator-block-size=2097152"
    "memorysetup-profiler-bucket-allocator-granularity=16"
    "memorysetup-profiler-bucket-allocator-bucket-count=8"
    "memorysetup-profiler-bucket-allocator-block-size=33554432"
    "memorysetup-profiler-bucket-allocator-block-count=8"
    "memorysetup-profiler-allocator-block-size=16777216"
    "memorysetup-profiler-editor-allocator-block-size=1048576"
    "memorysetup-temp-allocator-size-main=16777216"
    "memorysetup-job-temp-allocator-block-size=2097152"
    "memorysetup-job-temp-allocator-block-size-background=1048576"
    "memorysetup-job-temp-allocator-reduction-small-platforms=262144"
    "memorysetup-allocator-temp-initial-block-size-main=262144"
    "memorysetup-allocator-temp-initial-block-size-worker=262144"
    "memorysetup-temp-allocator-size-background-worker=32768"
    "memorysetup-temp-allocator-size-job-worker=262144"
    "memorysetup-temp-allocator-size-preload-manager=33554432"
    "memorysetup-temp-allocator-size-nav-mesh-worker=65536"
    "memorysetup-temp-allocator-size-audio-worker=65536"
    "memorysetup-temp-allocator-size-cloud-worker=32768"
    "memorysetup-temp-allocator-size-gi-baking-worker=262144"
    "memorysetup-temp-allocator-size-gfx=262144"
Player connection [22300] Host "[IP] 192.168.3.2 [Port] 0 [Flags] 2 [Guid] 594409438 [EditorId] 594409438 [Version] 1048832 [Id] WindowsEditor(7,DESKTOP-4RB6VJ4) [Debug] 1 [PackageName] WindowsEditor [ProjectName] Editor" joined multi-casting on [225.0.0.222:54997]...

Player connection [22300] Host "[IP] 192.168.3.2 [Port] 0 [Flags] 2 [Guid] 594409438 [EditorId] 594409438 [Version] 1048832 [Id] WindowsEditor(7,DESKTOP-4RB6VJ4) [Debug] 1 [PackageName] WindowsEditor [ProjectName] Editor" joined alternative multi-casting on [225.0.0.222:34997]...

[Physics::Module] Initialized MultithreadedJobDispatcher with 11 workers.
Refreshing native plugins compatible for Editor in 6.68 ms, found 3 plugins.
Preloading 0 native plugins for Editor in 0.00 ms.
Initialize engine version: 2022.3.11f1 (d00248457e15)
[Subsystems] Discovering subsystems at path E:/Unity/2022.3.11f1/Editor/Data/Resources/UnitySubsystems
[Subsystems] Discovering subsystems at path F:/GitHub/Rolles/Rolles/Assets
GfxDevice: creating device client; threaded=0; jobified=0
Direct3D:
    Version:  Direct3D 11.0 [level 11.1]
    Renderer: NVIDIA GeForce GTX 1660 (ID=0x2184)
    Vendor:   NVIDIA
    VRAM:     5981 MB
    Driver:   31.0.15.4633
Initialize mono
Mono path[0] = 'E:/Unity/2022.3.11f1/Editor/Data/Managed'
Mono path[1] = 'E:/Unity/2022.3.11f1/Editor/Data/MonoBleedingEdge/lib/mono/unityjit-win32'
Mono config path = 'E:/Unity/2022.3.11f1/Editor/Data/MonoBleedingEdge/etc'
Using monoOptions --debugger-agent=transport=dt_socket,embedding=1,server=y,suspend=n,address=127.0.0.1:56564
Begin MonoManager ReloadAssembly
Registering precompiled unity dll's ...
Register platform support module: E:/Unity/2022.3.11f1/Editor/Data/PlaybackEngines/WebGLSupport/UnityEditor.WebGL.Extensions.dll
Register platform support module: E:/Unity/2022.3.11f1/Editor/Data/PlaybackEngines/WindowsStandaloneSupport/UnityEditor.WindowsStandalone.Extensions.dll
Registered in 0.004821 seconds.
- Loaded All Assemblies, in  0.358 seconds
Native extension for WindowsStandalone target not found
Native extension for WebGL target not found
Mono: successfully reloaded assembly
- Finished resetting the current domain, in  0.272 seconds
Domain Reload Profiling: 630ms
	BeginReloadAssembly (99ms)
		ExecutionOrderSort (0ms)
		DisableScriptedObjects (0ms)
		BackupInstance (0ms)
		ReleaseScriptingObjects (0ms)
		CreateAndSetChildDomain (1ms)
	RebuildCommonClasses (41ms)
	RebuildNativeTypeToScriptingClass (14ms)
	initialDomainReloadingComplete (53ms)
	LoadAllAssembliesAndSetupDomain (151ms)
		LoadAssemblies (98ms)
		RebuildTransferFunctionScriptingTraits (0ms)
		AnalyzeDomain (150ms)
			TypeCache.Refresh (148ms)
				TypeCache.ScanAssembly (136ms)
			ScanForSourceGeneratedMonoScriptInfo (0ms)
			ResolveRequiredComponents (0ms)
	FinalizeReload (273ms)
		ReleaseScriptCaches (0ms)
		RebuildScriptCaches (0ms)
		SetupLoadedEditorAssemblies (210ms)
			LogAssemblyErrors (0ms)
			InitializePlatformSupportModulesInManaged (9ms)
			SetLoadedEditorAssemblies (5ms)
			RefreshPlugins (0ms)
			BeforeProcessingInitializeOnLoad (2ms)
			ProcessInitializeOnLoadAttributes (142ms)
			ProcessInitializeOnLoadMethodAttributes (52ms)
			AfterProcessingInitializeOnLoad (0ms)
			EditorAssembliesLoaded (0ms)
		ExecutionOrderSort2 (0ms)
		AwakeInstancesAfterBackupRestoration (0ms)
========================================================================
Worker process is ready to serve import requests
Begin MonoManager ReloadAssembly
- Loaded All Assemblies, in  0.619 seconds
Refreshing native plugins compatible for Editor in 2.31 ms, found 3 plugins.
Native extension for WindowsStandalone target not found
Native extension for WebGL target not found
Package Manager log level set to [2]
[Package Manager] Server::EnsureServerProcessIsRunning -- launch failed, reason: Unity was launched with the -noUpm command-line argument
[Package Manager] UpmClient::Send -- Unable to send message (not connected to UPM process).
[Package Manager] Cannot connect to Unity Package Manager local server
Mono: successfully reloaded assembly
- Finished resetting the current domain, in  0.561 seconds
Domain Reload Profiling: 1180ms
	BeginReloadAssembly (153ms)
		ExecutionOrderSort (0ms)
		DisableScriptedObjects (6ms)
		BackupInstance (0ms)
		ReleaseScriptingObjects (0ms)
		CreateAndSetChildDomain (21ms)
	RebuildCommonClasses (40ms)
	RebuildNativeTypeToScriptingClass (14ms)
	initialDomainReloadingComplete (40ms)
	LoadAllAssembliesAndSetupDomain (372ms)
		LoadAssemblies (251ms)
		RebuildTransferFunctionScriptingTraits (0ms)
		AnalyzeDomain (209ms)
			TypeCache.Refresh (183ms)
				TypeCache.ScanAssembly (168ms)
			ScanForSourceGeneratedMonoScriptInfo (17ms)
			ResolveRequiredComponents (6ms)
	FinalizeReload (561ms)
		ReleaseScriptCaches (0ms)
		RebuildScriptCaches (0ms)
		SetupLoadedEditorAssemblies (400ms)
			LogAssemblyErrors (0ms)
			InitializePlatformSupportModulesInManaged (6ms)
			SetLoadedEditorAssemblies (5ms)
			RefreshPlugins (0ms)
			BeforeProcessingInitializeOnLoad (55ms)
			ProcessInitializeOnLoadAttributes (311ms)
			ProcessInitializeOnLoadMethodAttributes (21ms)
			AfterProcessingInitializeOnLoad (3ms)
			EditorAssembliesLoaded (0ms)
		ExecutionOrderSort2 (0ms)
		AwakeInstancesAfterBackupRestoration (6ms)
Launched and connected shader compiler UnityShaderCompiler.exe after 0.04 seconds
Refreshing native plugins compatible for Editor in 1.74 ms, found 3 plugins.
Preloading 0 native plugins for Editor in 0.00 ms.
Unloading 3082 Unused Serialized files (Serialized files now loaded: 0)
Unloading 32 unused Assets / (56.8 KB). Loaded Objects now: 3544.
Memory consumption went from 121.1 MB to 121.0 MB.
Total: 3.049900 ms (FindLiveObjects: 0.423500 ms CreateObjectMapping: 0.123400 ms MarkObjects: 2.411600 ms  DeleteObjects: 0.090500 ms)

AssetImportParameters requested are different than current active one (requested -> active):
  custom:container-demuxer-ogg: 62fdf1f143b41e24485cea50d1cbac27 -> 
  custom:video-decoder-ogg-theora: a1e56fd34408186e4bbccfd4996cb3dc -> 
  custom:framework-win-MediaFoundation: 216162199b28c13a410421893ffa2e32 -> 
  custom:CustomObjectIndexerAttribute: 756ad292c208cfabdd7b50bc23989ffe -> 
  custom:container-demuxer-webm: 4f35f7cbe854078d1ac9338744f61a02 -> 
  custom:container-muxer-webm: aa71ff27fc2769a1b78a27578f13a17b -> 
  custom:video-decoder-webm-vp8: 9c59270c3fd7afecdb556c50c9e8de78 -> 
  custom:SearchIndexIgnoredProperties: e643bd26f0fe6173181afceb89e7c659 -> 
  custom:AudioImporter_EditorPlatform: d09bf68614088b80899f8185d706f6e7 -> 
  custom:video-encoder-webm-vp8: eb34c28f22e8b96e1ab97ce403110664 -> 
  custom:audio-decoder-ogg-vorbis: bf7c407c2cedff20999df2af8eb42d56 -> 
  custom:audio-encoder-webm-vorbis: bf7c407c2cedff20999df2af8eb42d56 -> 
========================================================================
Received Import Request.
  Time since last request: 352354.510726 seconds.
  path: Assets/Resources/Model/baseball-player/textures/Ropa_NorMapClothesJ.png
  artifactKey: Guid(f87b1485c4a55b546b61a69424575db2) Importer(815301076,1909f56bfc062723c751e8b465ee728b)
Start importing Assets/Resources/Model/baseball-player/textures/Ropa_NorMapClothesJ.png using Guid(f87b1485c4a55b546b61a69424575db2) Importer(815301076,1909f56bfc062723c751e8b465ee728b)  -> (artifact id: '3b0704ee96ecb4703e1399258df000ba') in 0.052899 seconds
Number of updated asset objects reloaded before import = 0
Number of asset objects unloaded after import = 2
========================================================================
Received Import Request.
  Time since last request: 0.000020 seconds.
  path: Assets/Resources/Model/baseball-player/source/CompletJ.fbx
  artifactKey: Guid(03ccded56f911f843a31de023fa23a19) Importer(815301076,1909f56bfc062723c751e8b465ee728b)
Start importing Assets/Resources/Model/baseball-player/source/CompletJ.fbx using Guid(03ccded56f911f843a31de023fa23a19) Importer(815301076,1909f56bfc062723c751e8b465ee728b)  -> (artifact id: '1fb6a7a0ff6939a3b9c6df3f2a319b8d') in 0.120930 seconds
Number of updated asset objects reloaded before import = 0
Number of asset objects unloaded after import = 102
========================================================================
Received Import Request.
  Time since last request: 1309.516197 seconds.
  path: Assets/Resources/Model/baseball-player/Materials/DiffMapClothesJ.mat
  artifactKey: Guid(0a639cfb7a603bd4b86c554760c9635d) Importer(815301076,1909f56bfc062723c751e8b465ee728b)
Start importing Assets/Resources/Model/baseball-player/Materials/DiffMapClothesJ.mat using Guid(0a639cfb7a603bd4b86c554760c9635d) Importer(815301076,1909f56bfc062723c751e8b465ee728b)  -> (artifact id: '6325f4fe51e9e1b1df3b7d0b64062bc7') in 0.007431 seconds
Number of updated asset objects reloaded before import = 0
Number of asset objects unloaded after import = 2
========================================================================
Received Import Request.
  Time since last request: 0.000016 seconds.
  path: Assets/Resources/Model/baseball-player/Materials/NorMapAccesorios.mat
  artifactKey: Guid(5de2e0fb2d91b5a44b2b34aa5e8eab83) Importer(815301076,1909f56bfc062723c751e8b465ee728b)
Start importing Assets/Resources/Model/baseball-player/Materials/NorMapAccesorios.mat using Guid(5de2e0fb2d91b5a44b2b34aa5e8eab83) Importer(815301076,1909f56bfc062723c751e8b465ee728b)  -> (artifact id: '30da9df59dbb2c184e3b80d06f8d4d2e') in 0.017976 seconds
Number of updated asset objects reloaded before import = 0
Number of asset objects unloaded after import = 2
========================================================================
Received Import Request.
  Time since last request: 0.000018 seconds.
  path: Assets/Resources/Model/baseball-player/Materials/Ropa_NorMapClothesJ.mat
  artifactKey: Guid(aab6401935ee76d43a86671fe61667f0) Importer(815301076,1909f56bfc062723c751e8b465ee728b)
Start importing Assets/Resources/Model/baseball-player/Materials/Ropa_NorMapClothesJ.mat using Guid(aab6401935ee76d43a86671fe61667f0) Importer(815301076,1909f56bfc062723c751e8b465ee728b)  -> (artifact id: '1618bc89307adf33239c630c2843a2ae') in 0.013793 seconds
Number of updated asset objects reloaded before import = 0
Number of asset objects unloaded after import = 2
========================================================================
Received Import Request.
  Time since last request: 38.296126 seconds.
  path: Assets/Resources/Model/autumn-forest-wooden-house/textures/BUMP_boom_1_BC.png
  artifactKey: Guid(177eca6630f814e43babbc36f5e10fbd) Importer(815301076,1909f56bfc062723c751e8b465ee728b)
Start importing Assets/Resources/Model/autumn-forest-wooden-house/textures/BUMP_boom_1_BC.png using Guid(177eca6630f814e43babbc36f5e10fbd) Importer(815301076,1909f56bfc062723c751e8b465ee728b)  -> (artifact id: 'd93d3dcfd9a4df78cc729b32ccb8854d') in 0.008651 seconds
Number of updated asset objects reloaded before import = 0
Number of asset objects unloaded after import = 2
========================================================================
Received Import Request.
  Time since last request: 0.000018 seconds.
  path: Assets/Resources/Model/autumn-forest-wooden-house/textures/BUMP_ROAD_BC.png
  artifactKey: Guid(60e3ae2739d6d284db0f2a2db0941b96) Importer(815301076,1909f56bfc062723c751e8b465ee728b)
Start importing Assets/Resources/Model/autumn-forest-wooden-house/textures/BUMP_ROAD_BC.png using Guid(60e3ae2739d6d284db0f2a2db0941b96) Importer(815301076,1909f56bfc062723c751e8b465ee728b)  -> (artifact id: '7b272e876a21b7de29c12f4acc91278d') in 0.008476 seconds
Number of updated asset objects reloaded before import = 0
Number of asset objects unloaded after import = 2
========================================================================
Received Import Request.
  Time since last request: 0.000015 seconds.
  path: Assets/Resources/Model/autumn-forest-wooden-house/textures/T_ROAD_BC.png
  artifactKey: Guid(908b4580b3ef1ee488efb86972cdd859) Importer(815301076,1909f56bfc062723c751e8b465ee728b)
Start importing Assets/Resources/Model/autumn-forest-wooden-house/textures/T_ROAD_BC.png using Guid(908b4580b3ef1ee488efb86972cdd859) Importer(815301076,1909f56bfc062723c751e8b465ee728b)  -> (artifact id: '260ce6f46de598e1d064d1c1d9ebf5f2') in 0.010072 seconds
Number of updated asset objects reloaded before import = 0
Number of asset objects unloaded after import = 2
========================================================================
Received Import Request.
  Time since last request: 0.000012 seconds.
  path: Assets/Resources/Model/autumn-forest-wooden-house/textures/T_leaves_op_grond_BC.png
  artifactKey: Guid(b3dd15dce73dc554d85606c9cbdb7786) Importer(815301076,1909f56bfc062723c751e8b465ee728b)
Start importing Assets/Resources/Model/autumn-forest-wooden-house/textures/T_leaves_op_grond_BC.png using Guid(b3dd15dce73dc554d85606c9cbdb7786) Importer(815301076,1909f56bfc062723c751e8b465ee728b)  -> (artifact id: 'faaf50b3d257bad7fc637cccf0de10c5') in 0.011482 seconds
Number of updated asset objects reloaded before import = 0
Number of asset objects unloaded after import = 2
========================================================================
Received Import Request.
  Time since last request: 0.000013 seconds.
  path: Assets/Resources/Model/autumn-forest-wooden-house/textures/T_BRANCHBOOM_opacity.png
  artifactKey: Guid(65a3d03df9be5a146879d95cf1664c3a) Importer(815301076,1909f56bfc062723c751e8b465ee728b)
Start importing Assets/Resources/Model/autumn-forest-wooden-house/textures/T_BRANCHBOOM_opacity.png using Guid(65a3d03df9be5a146879d95cf1664c3a) Importer(815301076,1909f56bfc062723c751e8b465ee728b)  -> (artifact id: 'b8fb7a809c0959b750ea4d60e909d126') in 0.008098 seconds
Number of updated asset objects reloaded before import = 0
Number of asset objects unloaded after import = 2
========================================================================
Received Import Request.
  Time since last request: 0.000019 seconds.
  path: Assets/Resources/Model/autumn-forest-wooden-house/textures/T_workspace_BC.png
  artifactKey: Guid(977c056ed6793a946a5182aaca1c7fa9) Importer(815301076,1909f56bfc062723c751e8b465ee728b)
Start importing Assets/Resources/Model/autumn-forest-wooden-house/textures/T_workspace_BC.png using Guid(977c056ed6793a946a5182aaca1c7fa9) Importer(815301076,1909f56bfc062723c751e8b465ee728b)  -> (artifact id: '7378e6d51bd90a1c36118ae66eb32871') in 0.011616 seconds
Number of updated asset objects reloaded before import = 0
Number of asset objects unloaded after import = 2
========================================================================
Received Import Request.
  Time since last request: 0.000015 seconds.
  path: Assets/Resources/Model/autumn-forest-wooden-house/textures/T_powerline_BC.png
  artifactKey: Guid(a9404bebe0c041048b2653776034c21f) Importer(815301076,1909f56bfc062723c751e8b465ee728b)
Start importing Assets/Resources/Model/autumn-forest-wooden-house/textures/T_powerline_BC.png using Guid(a9404bebe0c041048b2653776034c21f) Importer(815301076,1909f56bfc062723c751e8b465ee728b)  -> (artifact id: '46dc8da01146002c2556495970e42df5') in 0.009787 seconds
Number of updated asset objects reloaded before import = 0
Number of asset objects unloaded after import = 2
========================================================================
Received Import Request.
  Time since last request: 0.000015 seconds.
  path: Assets/Resources/Model/autumn-forest-wooden-house/textures/T_wooden_wagon_BC.png
  artifactKey: Guid(2488ec0d5bddf61458aa3430a403ce48) Importer(815301076,1909f56bfc062723c751e8b465ee728b)
Start importing Assets/Resources/Model/autumn-forest-wooden-house/textures/T_wooden_wagon_BC.png using Guid(2488ec0d5bddf61458aa3430a403ce48) Importer(815301076,1909f56bfc062723c751e8b465ee728b)  -> (artifact id: '391cdd6196c49a91581f564fdaacb648') in 0.013099 seconds
Number of updated asset objects reloaded before import = 0
Number of asset objects unloaded after import = 2
========================================================================
Received Import Request.
  Time since last request: 0.000012 seconds.
  path: Assets/Resources/Model/autumn-forest-wooden-house/textures/T_plant_1_opacity.png
  artifactKey: Guid(6c5da3dddb9004143ad888990bf9d3d5) Importer(815301076,1909f56bfc062723c751e8b465ee728b)
Start importing Assets/Resources/Model/autumn-forest-wooden-house/textures/T_plant_1_opacity.png using Guid(6c5da3dddb9004143ad888990bf9d3d5) Importer(815301076,1909f56bfc062723c751e8b465ee728b)  -> (artifact id: 'ab2fba9fd5dc7a5fee84f76cd3a3b061') in 0.007970 seconds
Number of updated asset objects reloaded before import = 0
Number of asset objects unloaded after import = 2
========================================================================
Received Import Request.
  Time since last request: 0.000015 seconds.
  path: Assets/Resources/Model/autumn-forest-wooden-house/textures/T_PLANT_2_BC.png
  artifactKey: Guid(07012647c11f3ee43a83dacbc6841d85) Importer(815301076,1909f56bfc062723c751e8b465ee728b)
Start importing Assets/Resources/Model/autumn-forest-wooden-house/textures/T_PLANT_2_BC.png using Guid(07012647c11f3ee43a83dacbc6841d85) Importer(815301076,1909f56bfc062723c751e8b465ee728b)  -> (artifact id: '3dd3c2bb8bef6b16c55a018041d1e1c5') in 0.010527 seconds
Number of updated asset objects reloaded before import = 0
Number of asset objects unloaded after import = 2
========================================================================
Received Import Request.
  Time since last request: 0.000014 seconds.
  path: Assets/Resources/Model/autumn-forest-wooden-house/textures/T_leaves_op_grond__opacity.png
  artifactKey: Guid(24566370b5e600140bf5ec8bdcc4f5cc) Importer(815301076,1909f56bfc062723c751e8b465ee728b)
Start importing Assets/Resources/Model/autumn-forest-wooden-house/textures/T_leaves_op_grond__opacity.png using Guid(24566370b5e600140bf5ec8bdcc4f5cc) Importer(815301076,1909f56bfc062723c751e8b465ee728b)  -> (artifact id: '5e648489c48e480858f343c82f23dc3f') in 0.007390 seconds
Number of updated asset objects reloaded before import = 0
Number of asset objects unloaded after import = 2
========================================================================
Received Import Request.
  Time since last request: 0.000015 seconds.
  path: Assets/Resources/Model/autumn-forest-wooden-house/textures/BUMP_ROOF_BC.png
  artifactKey: Guid(8c665339b192ed846943665a88378224) Importer(815301076,1909f56bfc062723c751e8b465ee728b)
Start importing Assets/Resources/Model/autumn-forest-wooden-house/textures/BUMP_ROOF_BC.png using Guid(8c665339b192ed846943665a88378224) Importer(815301076,1909f56bfc062723c751e8b465ee728b)  -> (artifact id: '1bb7143f997473fbf88102376282ae82') in 0.012591 seconds
Number of updated asset objects reloaded before import = 0
Number of asset objects unloaded after import = 2
========================================================================
Received Import Request.
  Time since last request: 0.000017 seconds.
  path: Assets/Resources/Model/autumn-forest-wooden-house/textures/OPACITY_leafs_2_png.png
  artifactKey: Guid(306d1fef9fc754b4bb283036730e2c82) Importer(815301076,1909f56bfc062723c751e8b465ee728b)
Start importing Assets/Resources/Model/autumn-forest-wooden-house/textures/OPACITY_leafs_2_png.png using Guid(306d1fef9fc754b4bb283036730e2c82) Importer(815301076,1909f56bfc062723c751e8b465ee728b)  -> (artifact id: '0a709b059f5dcd4464649d1a449dadc2') in 0.011446 seconds
Number of updated asset objects reloaded before import = 0
Number of asset objects unloaded after import = 2
========================================================================
Received Import Request.
  Time since last request: 0.000027 seconds.
  path: Assets/Resources/Model/autumn-forest-wooden-house/textures/T_branchboom_BC.png
  artifactKey: Guid(4360dcb0047f5f74cad034c5868930b7) Importer(815301076,1909f56bfc062723c751e8b465ee728b)
Start importing Assets/Resources/Model/autumn-forest-wooden-house/textures/T_branchboom_BC.png using Guid(4360dcb0047f5f74cad034c5868930b7) Importer(815301076,1909f56bfc062723c751e8b465ee728b)  -> (artifact id: '6d11849486c128f66dc6b4c76ba735f3') in 0.007007 seconds
Number of updated asset objects reloaded before import = 0
Number of asset objects unloaded after import = 2
========================================================================
Received Import Request.
  Time since last request: 0.000012 seconds.
  path: Assets/Resources/Model/autumn-forest-wooden-house/textures/T_groundplan_BC.png
  artifactKey: Guid(6a6a44581fad77741bc83f19ffab8ded) Importer(815301076,1909f56bfc062723c751e8b465ee728b)
Start importing Assets/Resources/Model/autumn-forest-wooden-house/textures/T_groundplan_BC.png using Guid(6a6a44581fad77741bc83f19ffab8ded) Importer(815301076,1909f56bfc062723c751e8b465ee728b)  -> (artifact id: '294d990b1b1e54afb1b4ad1c1e6cf716') in 0.008060 seconds
Number of updated asset objects reloaded before import = 0
Number of asset objects unloaded after import = 2
========================================================================
Received Import Request.
  Time since last request: 0.000021 seconds.
  path: Assets/Resources/Model/autumn-forest-wooden-house/textures/T_moss_bc.png
  artifactKey: Guid(5b12f14d28012104fab4e4832f17f0dd) Importer(815301076,1909f56bfc062723c751e8b465ee728b)
Start importing Assets/Resources/Model/autumn-forest-wooden-house/textures/T_moss_bc.png using Guid(5b12f14d28012104fab4e4832f17f0dd) Importer(815301076,1909f56bfc062723c751e8b465ee728b)  -> (artifact id: '23dea610d46ac838282de7fa776a0f60') in 0.007826 seconds
Number of updated asset objects reloaded before import = 0
Number of asset objects unloaded after import = 2
========================================================================
Received Import Request.
  Time since last request: 0.000014 seconds.
  path: Assets/Resources/Model/autumn-forest-wooden-house/textures/T_wood_tileable_BC.png
  artifactKey: Guid(2c5a894b8e202ae43935e4f171b0606b) Importer(815301076,1909f56bfc062723c751e8b465ee728b)
Start importing Assets/Resources/Model/autumn-forest-wooden-house/textures/T_wood_tileable_BC.png using Guid(2c5a894b8e202ae43935e4f171b0606b) Importer(815301076,1909f56bfc062723c751e8b465ee728b)  -> (artifact id: '6a853cdbffb558a0feb5faa47e5f4104') in 0.007412 seconds
Number of updated asset objects reloaded before import = 0
Number of asset objects unloaded after import = 2
========================================================================
Received Import Request.
  Time since last request: 0.000019 seconds.
  path: Assets/Resources/Model/autumn-forest-wooden-house/textures/T_unique_BC.png
  artifactKey: Guid(d88ef12af684e354eaecf1d17c7e64b4) Importer(815301076,1909f56bfc062723c751e8b465ee728b)
Start importing Assets/Resources/Model/autumn-forest-wooden-house/textures/T_unique_BC.png using Guid(d88ef12af684e354eaecf1d17c7e64b4) Importer(815301076,1909f56bfc062723c751e8b465ee728b)  -> (artifact id: '9d5b6418fae3050af3001d8f1709ef28') in 0.010197 seconds
Number of updated asset objects reloaded before import = 0
Number of asset objects unloaded after import = 2
========================================================================
Received Import Request.
  Time since last request: 0.000014 seconds.
  path: Assets/Resources/Model/autumn-forest-wooden-house/textures/T_PLANT_2_opacity.png
  artifactKey: Guid(b1c66371599dea6438937ca01184b3e5) Importer(815301076,1909f56bfc062723c751e8b465ee728b)
Start importing Assets/Resources/Model/autumn-forest-wooden-house/textures/T_PLANT_2_opacity.png using Guid(b1c66371599dea6438937ca01184b3e5) Importer(815301076,1909f56bfc062723c751e8b465ee728b)  -> (artifact id: 'b149f1bc5bb9a9d61dcc388df1af97a9') in 0.008738 seconds
Number of updated asset objects reloaded before import = 0
Number of asset objects unloaded after import = 2
========================================================================
Received Import Request.
  Time since last request: 0.000018 seconds.
  path: Assets/Resources/Model/autumn-forest-wooden-house/textures/T_ivy+branch_opacity.png
  artifactKey: Guid(1ef3dabd7bf8d5947bb026356468f917) Importer(815301076,1909f56bfc062723c751e8b465ee728b)
Start importing Assets/Resources/Model/autumn-forest-wooden-house/textures/T_ivy+branch_opacity.png using Guid(1ef3dabd7bf8d5947bb026356468f917) Importer(815301076,1909f56bfc062723c751e8b465ee728b)  -> (artifact id: '6258052f6344f267f8b53408d2e4920e') in 0.006452 seconds
Number of updated asset objects reloaded before import = 0
Number of asset objects unloaded after import = 2
========================================================================
Received Import Request.
  Time since last request: 0.000016 seconds.
  path: Assets/Resources/Model/autumn-forest-wooden-house/textures/T_warning_sing_BC.png
  artifactKey: Guid(a9b8635aa7dd50348a71fa40714138f6) Importer(815301076,1909f56bfc062723c751e8b465ee728b)
Start importing Assets/Resources/Model/autumn-forest-wooden-house/textures/T_warning_sing_BC.png using Guid(a9b8635aa7dd50348a71fa40714138f6) Importer(815301076,1909f56bfc062723c751e8b465ee728b)  -> (artifact id: '27ba62575eb5b8c450c312593557c4ae') in 0.007204 seconds
Number of updated asset objects reloaded before import = 0
Number of asset objects unloaded after import = 2
========================================================================
Received Import Request.
  Time since last request: 0.000020 seconds.
  path: Assets/Resources/Model/autumn-forest-wooden-house/textures/T_rocks_BC.png
  artifactKey: Guid(a11e7fc84c96ae24899afb6a7f5478ae) Importer(815301076,1909f56bfc062723c751e8b465ee728b)
Start importing Assets/Resources/Model/autumn-forest-wooden-house/textures/T_rocks_BC.png using Guid(a11e7fc84c96ae24899afb6a7f5478ae) Importer(815301076,1909f56bfc062723c751e8b465ee728b)  -> (artifact id: '8b88ab6873c6a02e5ce461d346a7f030') in 0.007843 seconds
Number of updated asset objects reloaded before import = 0
Number of asset objects unloaded after import = 2
========================================================================
Received Import Request.
  Time since last request: 0.000021 seconds.
  path: Assets/Resources/Model/autumn-forest-wooden-house/textures/BUMP_wood_tileable_BC.png
  artifactKey: Guid(27750041cae3a684c8915f772d176c33) Importer(815301076,1909f56bfc062723c751e8b465ee728b)
Start importing Assets/Resources/Model/autumn-forest-wooden-house/textures/BUMP_wood_tileable_BC.png using Guid(27750041cae3a684c8915f772d176c33) Importer(815301076,1909f56bfc062723c751e8b465ee728b)  -> (artifact id: 'bee457b43fe8e7623177d213c6974813') in 0.007402 seconds
Number of updated asset objects reloaded before import = 0
Number of asset objects unloaded after import = 2
========================================================================
Received Import Request.
  Time since last request: 0.000018 seconds.
  path: Assets/Resources/Model/autumn-forest-wooden-house/textures/T_deur_BC.png
  artifactKey: Guid(88680f0ddaea56a42ab64a42696f9453) Importer(815301076,1909f56bfc062723c751e8b465ee728b)
Start importing Assets/Resources/Model/autumn-forest-wooden-house/textures/T_deur_BC.png using Guid(88680f0ddaea56a42ab64a42696f9453) Importer(815301076,1909f56bfc062723c751e8b465ee728b)  -> (artifact id: '194e7cd6299339dedc67b20a95aa4933') in 0.007761 seconds
Number of updated asset objects reloaded before import = 0
Number of asset objects unloaded after import = 2
========================================================================
Received Import Request.
  Time since last request: 0.000012 seconds.
  path: Assets/Resources/Model/autumn-forest-wooden-house/textures/T_moss_opacity.png
  artifactKey: Guid(f21bc63f5804f1841a553369d8617f51) Importer(815301076,1909f56bfc062723c751e8b465ee728b)
Start importing Assets/Resources/Model/autumn-forest-wooden-house/textures/T_moss_opacity.png using Guid(f21bc63f5804f1841a553369d8617f51) Importer(815301076,1909f56bfc062723c751e8b465ee728b)  -> (artifact id: 'd9815698dedc4a59ba7a96fc1570b019') in 0.006807 seconds
Number of updated asset objects reloaded before import = 0
Number of asset objects unloaded after import = 2
========================================================================
Received Import Request.
  Time since last request: 0.000018 seconds.
  path: Assets/Resources/Model/autumn-forest-wooden-house/textures/T_trapen_BC.png
  artifactKey: Guid(c81d9a73e24eb9544a16d8416b25095e) Importer(815301076,1909f56bfc062723c751e8b465ee728b)
Start importing Assets/Resources/Model/autumn-forest-wooden-house/textures/T_trapen_BC.png using Guid(c81d9a73e24eb9544a16d8416b25095e) Importer(815301076,1909f56bfc062723c751e8b465ee728b)  -> (artifact id: 'd3e24a35bb12fbf321b49cec9b69b5b6') in 0.007745 seconds
Number of updated asset objects reloaded before import = 0
Number of asset objects unloaded after import = 2
========================================================================
Received Import Request.
  Time since last request: 80.902651 seconds.
  path: Assets/Resources/Skybox/Texture/Sky-2.hdr
  artifactKey: Guid(c01fc2bc2ee35bb40bc54ed635cd5d4b) Importer(815301076,1909f56bfc062723c751e8b465ee728b)
Start importing Assets/Resources/Skybox/Texture/Sky-2.hdr using Guid(c01fc2bc2ee35bb40bc54ed635cd5d4b) Importer(815301076,1909f56bfc062723c751e8b465ee728b)  -> (artifact id: '264bdb4fe888937c83c2749576e16a80') in 0.049238 seconds
Number of updated asset objects reloaded before import = 0
Number of asset objects unloaded after import = 1
========================================================================
Received Import Request.
  Time since last request: 0.406593 seconds.
  path: Assets/Resources/Skybox/Texture/Sky-4.hdr
  artifactKey: Guid(be88cfb0ed2252243bf1d2babbfd53b5) Importer(815301076,1909f56bfc062723c751e8b465ee728b)
Start importing Assets/Resources/Skybox/Texture/Sky-4.hdr using Guid(be88cfb0ed2252243bf1d2babbfd53b5) Importer(815301076,1909f56bfc062723c751e8b465ee728b)  -> (artifact id: '544c28f4aadcc056633d3d329ca9e7ff') in 0.027841 seconds
Number of updated asset objects reloaded before import = 0
Number of asset objects unloaded after import = 1
========================================================================
Received Import Request.
  Time since last request: 416.001333 seconds.
  path: Assets/Resources/Model/baseball-player/Materials/Cardboard_NORM.png
  artifactKey: Guid(2a10fccf9c1e355409a6dcd8122507e4) Importer(815301076,1909f56bfc062723c751e8b465ee728b)
Start importing Assets/Resources/Model/baseball-player/Materials/Cardboard_NORM.png using Guid(2a10fccf9c1e355409a6dcd8122507e4) Importer(815301076,1909f56bfc062723c751e8b465ee728b)  -> (artifact id: 'cf70d9216b6ad1b4ad2889c127f0018d') in 0.037776 seconds
Number of updated asset objects reloaded before import = 0
Number of asset objects unloaded after import = 2
========================================================================
Received Import Request.
  Time since last request: 0.000022 seconds.
  path: Assets/Resources/Model/baseball-player/Materials/Pipe_Small_ALB.png
  artifactKey: Guid(db7ef3d31001da945bb171730f3492c6) Importer(815301076,1909f56bfc062723c751e8b465ee728b)
Start importing Assets/Resources/Model/baseball-player/Materials/Pipe_Small_ALB.png using Guid(db7ef3d31001da945bb171730f3492c6) Importer(815301076,1909f56bfc062723c751e8b465ee728b)  -> (artifact id: '71ecd89996fc94ccb6d110865bc91c91') in 0.029728 seconds
Number of updated asset objects reloaded before import = 0
Number of asset objects unloaded after import = 2
========================================================================
Received Import Request.
  Time since last request: 0.000023 seconds.
  path: Assets/Resources/Model/baseball-player/Materials/CeillingLamp_ALB.png
  artifactKey: Guid(d240e6167237f7448a1ee414555100f0) Importer(815301076,1909f56bfc062723c751e8b465ee728b)
Start importing Assets/Resources/Model/baseball-player/Materials/CeillingLamp_ALB.png using Guid(d240e6167237f7448a1ee414555100f0) Importer(815301076,1909f56bfc062723c751e8b465ee728b)  -> (artifact id: '9851857de3de557702d48a5ed65a9798') in 0.021527 seconds
Number of updated asset objects reloaded before import = 0
Number of asset objects unloaded after import = 2
========================================================================
Received Import Request.
  Time since last request: 0.000024 seconds.
  path: Assets/Resources/Model/baseball-player/Materials/Pipe_Large_METAL.png
  artifactKey: Guid(6ed85adfe12ff8546a8e0acf1ddbc8d3) Importer(815301076,1909f56bfc062723c751e8b465ee728b)
Start importing Assets/Resources/Model/baseball-player/Materials/Pipe_Large_METAL.png using Guid(6ed85adfe12ff8546a8e0acf1ddbc8d3) Importer(815301076,1909f56bfc062723c751e8b465ee728b)  -> (artifact id: 'e5da7ac23be1583e191d4c4db9ffd96d') in 0.009900 seconds
Number of updated asset objects reloaded before import = 0
Number of asset objects unloaded after import = 2
========================================================================
Received Import Request.
  Time since last request: 0.000013 seconds.
  path: Assets/Resources/Model/baseball-player/Materials/Walls_NORM.png
  artifactKey: Guid(b11ba30188dc428408ecb8acab641544) Importer(815301076,1909f56bfc062723c751e8b465ee728b)
Start importing Assets/Resources/Model/baseball-player/Materials/Walls_NORM.png using Guid(b11ba30188dc428408ecb8acab641544) Importer(815301076,1909f56bfc062723c751e8b465ee728b)  -> (artifact id: 'cdbe333484b63bbf3ca2f2c0c0cf2fb1') in 0.040276 seconds
Number of updated asset objects reloaded before import = 0
Number of asset objects unloaded after import = 2
========================================================================
Received Import Request.
  Time since last request: 0.000014 seconds.
  path: Assets/Resources/Model/baseball-player/Materials/Rope_ROUGH.png
  artifactKey: Guid(cc32fa7994060a84b829e95956d66825) Importer(815301076,1909f56bfc062723c751e8b465ee728b)
Start importing Assets/Resources/Model/baseball-player/Materials/Rope_ROUGH.png using Guid(cc32fa7994060a84b829e95956d66825) Importer(815301076,1909f56bfc062723c751e8b465ee728b)  -> (artifact id: '2605e99c84b12b164b687145acb42b23') in 0.034563 seconds
Number of updated asset objects reloaded before import = 0
Number of asset objects unloaded after import = 2
========================================================================
Received Import Request.
  Time since last request: 0.000015 seconds.
  path: Assets/Resources/Model/baseball-player/Materials/Walls_ROUGH 1.png
  artifactKey: Guid(8f9a15c1bc95ad6418d39448e0d681d6) Importer(815301076,1909f56bfc062723c751e8b465ee728b)
Start importing Assets/Resources/Model/baseball-player/Materials/Walls_ROUGH 1.png using Guid(8f9a15c1bc95ad6418d39448e0d681d6) Importer(815301076,1909f56bfc062723c751e8b465ee728b)  -> (artifact id: '1ec97e29f8d92f9a4deb528af6344d31') in 0.010013 seconds
Number of updated asset objects reloaded before import = 0
Number of asset objects unloaded after import = 2
========================================================================
Received Import Request.
  Time since last request: 0.000017 seconds.
  path: Assets/Resources/Model/baseball-player/Materials/Walls_METAL.png
  artifactKey: Guid(dc143d8d8c0a61146bfbadee76cb2e9e) Importer(815301076,1909f56bfc062723c751e8b465ee728b)
Start importing Assets/Resources/Model/baseball-player/Materials/Walls_METAL.png using Guid(dc143d8d8c0a61146bfbadee76cb2e9e) Importer(815301076,1909f56bfc062723c751e8b465ee728b)  -> (artifact id: '6aa552bbc2d7e15696bb078fbaf1e6f1') in 0.008398 seconds
Number of updated asset objects reloaded before import = 0
Number of asset objects unloaded after import = 2
========================================================================
Received Import Request.
  Time since last request: 0.000055 seconds.
  path: Assets/Resources/Model/baseball-player/Materials/Environment_ALB.png
  artifactKey: Guid(ac89b073cb50e5b4fb7649befe240b0a) Importer(815301076,1909f56bfc062723c751e8b465ee728b)
Start importing Assets/Resources/Model/baseball-player/Materials/Environment_ALB.png using Guid(ac89b073cb50e5b4fb7649befe240b0a) Importer(815301076,1909f56bfc062723c751e8b465ee728b)  -> (artifact id: 'f08a9289b320446136316e3581d5a145') in 0.008461 seconds
Number of updated asset objects reloaded before import = 0
Number of asset objects unloaded after import = 2
========================================================================
Received Import Request.
  Time since last request: 0.000013 seconds.
  path: Assets/Resources/Model/baseball-player/Materials/Furniture_NORM.png
  artifactKey: Guid(c1b40e4c76de7924c9fd2fe6ad7758de) Importer(815301076,1909f56bfc062723c751e8b465ee728b)
Start importing Assets/Resources/Model/baseball-player/Materials/Furniture_NORM.png using Guid(c1b40e4c76de7924c9fd2fe6ad7758de) Importer(815301076,1909f56bfc062723c751e8b465ee728b)  -> (artifact id: '8548fc1d2994f400ed3e61b08ac71b35') in 0.009051 seconds
Number of updated asset objects reloaded before import = 0
Number of asset objects unloaded after import = 2
========================================================================
Received Import Request.
  Time since last request: 0.000030 seconds.
  path: Assets/Resources/Model/baseball-player/Materials/Industrial_Light_NORM.png
  artifactKey: Guid(5c5167a713d6f844a8cbe21960bccf65) Importer(815301076,1909f56bfc062723c751e8b465ee728b)
Start importing Assets/Resources/Model/baseball-player/Materials/Industrial_Light_NORM.png using Guid(5c5167a713d6f844a8cbe21960bccf65) Importer(815301076,1909f56bfc062723c751e8b465ee728b)  -> (artifact id: '6e3678df8f169c9e7e5a3dd8d6251248') in 0.009556 seconds
Number of updated asset objects reloaded before import = 0
Number of asset objects unloaded after import = 2
========================================================================
Received Import Request.
  Time since last request: 0.000016 seconds.
  path: Assets/Resources/Model/baseball-player/Materials/Pipe_Large_ROUGH.png
  artifactKey: Guid(5ac2e56daef6fdb41a252f59feae6a21) Importer(815301076,1909f56bfc062723c751e8b465ee728b)
Start importing Assets/Resources/Model/baseball-player/Materials/Pipe_Large_ROUGH.png using Guid(5ac2e56daef6fdb41a252f59feae6a21) Importer(815301076,1909f56bfc062723c751e8b465ee728b)  -> (artifact id: 'df2f2b97357980c2518b3240dd3d2297') in 0.007485 seconds
Number of updated asset objects reloaded before import = 0
Number of asset objects unloaded after import = 2
========================================================================
Received Import Request.
  Time since last request: 0.000019 seconds.
  path: Assets/Resources/Model/baseball-player/Materials/Pipe_Medium_NORM.png
  artifactKey: Guid(01dc01bb73c4a8c4d837fd63d65d1c39) Importer(815301076,1909f56bfc062723c751e8b465ee728b)
Start importing Assets/Resources/Model/baseball-player/Materials/Pipe_Medium_NORM.png using Guid(01dc01bb73c4a8c4d837fd63d65d1c39) Importer(815301076,1909f56bfc062723c751e8b465ee728b)  -> (artifact id: 'a1c9acc53b1fd32edb9d0f04b395ab2f') in 0.008777 seconds
Number of updated asset objects reloaded before import = 0
Number of asset objects unloaded after import = 2
========================================================================
Received Import Request.
  Time since last request: 0.000014 seconds.
  path: Assets/Resources/Model/baseball-player/Materials/Pipe_Medium_METAL.png
  artifactKey: Guid(dd38760a3a0642d4096672695cdd11f5) Importer(815301076,1909f56bfc062723c751e8b465ee728b)
Start importing Assets/Resources/Model/baseball-player/Materials/Pipe_Medium_METAL.png using Guid(dd38760a3a0642d4096672695cdd11f5) Importer(815301076,1909f56bfc062723c751e8b465ee728b)  -> (artifact id: 'bda3289fd27d42154c7b0340dc17ab3e') in 0.007872 seconds
Number of updated asset objects reloaded before import = 0
Number of asset objects unloaded after import = 2
========================================================================
Received Import Request.
  Time since last request: 0.000013 seconds.
  path: Assets/Resources/Model/baseball-player/Materials/Furniture_ALB.png
  artifactKey: Guid(8089634319a3ed94ebb4155cdb998261) Importer(815301076,1909f56bfc062723c751e8b465ee728b)
Start importing Assets/Resources/Model/baseball-player/Materials/Furniture_ALB.png using Guid(8089634319a3ed94ebb4155cdb998261) Importer(815301076,1909f56bfc062723c751e8b465ee728b)  -> (artifact id: '88496eec5e610951c041f5497d27a66f') in 0.007691 seconds
Number of updated asset objects reloaded before import = 0
Number of asset objects unloaded after import = 2
========================================================================
Received Import Request.
  Time since last request: 0.000012 seconds.
  path: Assets/Resources/Model/baseball-player/Materials/Pipe_Small_ROUGH.png
  artifactKey: Guid(45d5e75eea56e15408607aed0ca4c4be) Importer(815301076,1909f56bfc062723c751e8b465ee728b)
Start importing Assets/Resources/Model/baseball-player/Materials/Pipe_Small_ROUGH.png using Guid(45d5e75eea56e15408607aed0ca4c4be) Importer(815301076,1909f56bfc062723c751e8b465ee728b)  -> (artifact id: 'd8acd9616b0c409f792cba03c9429559') in 0.009015 seconds
Number of updated asset objects reloaded before import = 0
Number of asset objects unloaded after import = 2
========================================================================
Received Import Request.
  Time since last request: 0.000013 seconds.
  path: Assets/Resources/Model/baseball-player/Materials/Rope_NORM.png
  artifactKey: Guid(90c95b868c99bc04e884c61229e4ddba) Importer(815301076,1909f56bfc062723c751e8b465ee728b)
Start importing Assets/Resources/Model/baseball-player/Materials/Rope_NORM.png using Guid(90c95b868c99bc04e884c61229e4ddba) Importer(815301076,1909f56bfc062723c751e8b465ee728b)  -> (artifact id: '49187aec25bea3d734faf23a5f43f3b7') in 0.008039 seconds
Number of updated asset objects reloaded before import = 0
Number of asset objects unloaded after import = 2
========================================================================
Received Import Request.
  Time since last request: 0.000036 seconds.
  path: Assets/Resources/Model/baseball-player/Materials/Industrial_Light_METAL.png
  artifactKey: Guid(2d19f3ad8105cc446a2f64c7d976ba59) Importer(815301076,1909f56bfc062723c751e8b465ee728b)
Start importing Assets/Resources/Model/baseball-player/Materials/Industrial_Light_METAL.png using Guid(2d19f3ad8105cc446a2f64c7d976ba59) Importer(815301076,1909f56bfc062723c751e8b465ee728b)  -> (artifact id: 'b4c118d8cbf6e2b5e7bf7486fb3a3580') in 0.008308 seconds
Number of updated asset objects reloaded before import = 0
Number of asset objects unloaded after import = 2
========================================================================
Received Import Request.
  Time since last request: 0.000012 seconds.
  path: Assets/Resources/Model/baseball-player/Materials/Rope_ALB.png
  artifactKey: Guid(0c6c8104bf93bd848b7f437d14e26bb7) Importer(815301076,1909f56bfc062723c751e8b465ee728b)
Start importing Assets/Resources/Model/baseball-player/Materials/Rope_ALB.png using Guid(0c6c8104bf93bd848b7f437d14e26bb7) Importer(815301076,1909f56bfc062723c751e8b465ee728b)  -> (artifact id: '12de97b7c85a19ed3e24eb61771b6015') in 0.007965 seconds
Number of updated asset objects reloaded before import = 0
Number of asset objects unloaded after import = 2
Editor requested this worker to shutdown with reason: Scaling down because of idle timeout
TcpMessagingSession - receive error: operation aborted. errorcode: 995, details: ќпераци€ ввода/вывода была прервана из-за завершени€ потока команд или по запросу приложени€.
AssetImportWorker is now disconnected from the server
Process exiting
Exiting without the bug reporter. Application will terminate with return code 0