Using pre-set license
Built from '2022.3/staging' branch; Version is '2022.3.11f1 (d00248457e15) revision 13632072'; Using compiler version '192829333'; Build Type 'Release'
OS: 'Windows 10  (10.0.19043) 64bit Professional' Language: 'ru' Physical Memory: 32717 MB
BatchMode: 1, IsHumanControllingUs: 0, StartBugReporterOnCrash: 0, Is64bit: 1, IsPro: 1

COMMAND LINE ARGUMENTS:
E:\Unity\2022.3.11f1\Editor\Unity.exe
-adb2
-batchMode
-noUpm
-name
AssetImportWorker0
-projectPath
F:/GitHub/Rolles/Rolles
-logFile
Logs/AssetImportWorker0.log
-srvPort
64324
Successfully changed project path to: F:/GitHub/Rolles/Rolles
F:/GitHub/Rolles/Rolles
[UnityMemory] Configuration Parameters - Can be set up in boot.config
    "memorysetup-bucket-allocator-granularity=16"
    "memorysetup-bucket-allocator-bucket-count=8"
    "memorysetup-bucket-allocator-block-size=33554432"
    "memorysetup-bucket-allocator-block-count=8"
    "memorysetup-main-allocator-block-size=16777216"
    "memorysetup-thread-allocator-block-size=16777216"
    "memorysetup-gfx-main-allocator-block-size=16777216"
    "memorysetup-gfx-thread-allocator-block-size=16777216"
    "memorysetup-cache-allocator-block-size=4194304"
    "memorysetup-typetree-allocator-block-size=2097152"
    "memorysetup-profiler-bucket-allocator-granularity=16"
    "memorysetup-profiler-bucket-allocator-bucket-count=8"
    "memorysetup-profiler-bucket-allocator-block-size=33554432"
    "memorysetup-profiler-bucket-allocator-block-count=8"
    "memorysetup-profiler-allocator-block-size=16777216"
    "memorysetup-profiler-editor-allocator-block-size=1048576"
    "memorysetup-temp-allocator-size-main=16777216"
    "memorysetup-job-temp-allocator-block-size=2097152"
    "memorysetup-job-temp-allocator-block-size-background=1048576"
    "memorysetup-job-temp-allocator-reduction-small-platforms=262144"
    "memorysetup-allocator-temp-initial-block-size-main=262144"
    "memorysetup-allocator-temp-initial-block-size-worker=262144"
    "memorysetup-temp-allocator-size-background-worker=32768"
    "memorysetup-temp-allocator-size-job-worker=262144"
    "memorysetup-temp-allocator-size-preload-manager=33554432"
    "memorysetup-temp-allocator-size-nav-mesh-worker=65536"
    "memorysetup-temp-allocator-size-audio-worker=65536"
    "memorysetup-temp-allocator-size-cloud-worker=32768"
    "memorysetup-temp-allocator-size-gi-baking-worker=262144"
    "memorysetup-temp-allocator-size-gfx=262144"
Player connection [15480] Host "[IP] 192.168.3.2 [Port] 0 [Flags] 2 [Guid] 2885576269 [EditorId] 2885576269 [Version] 1048832 [Id] WindowsEditor(7,DESKTOP-4RB6VJ4) [Debug] 1 [PackageName] WindowsEditor [ProjectName] Editor" joined multi-casting on [225.0.0.222:54997]...

Player connection [15480] Host "[IP] 192.168.3.2 [Port] 0 [Flags] 2 [Guid] 2885576269 [EditorId] 2885576269 [Version] 1048832 [Id] WindowsEditor(7,DESKTOP-4RB6VJ4) [Debug] 1 [PackageName] WindowsEditor [ProjectName] Editor" joined alternative multi-casting on [225.0.0.222:34997]...

[Physics::Module] Initialized MultithreadedJobDispatcher with 11 workers.
Refreshing native plugins compatible for Editor in 5.92 ms, found 3 plugins.
Preloading 0 native plugins for Editor in 0.00 ms.
Initialize engine version: 2022.3.11f1 (d00248457e15)
[Subsystems] Discovering subsystems at path E:/Unity/2022.3.11f1/Editor/Data/Resources/UnitySubsystems
[Subsystems] Discovering subsystems at path F:/GitHub/Rolles/Rolles/Assets
GfxDevice: creating device client; threaded=0; jobified=0
Direct3D:
    Version:  Direct3D 11.0 [level 11.1]
    Renderer: NVIDIA GeForce GTX 1660 (ID=0x2184)
    Vendor:   NVIDIA
    VRAM:     5981 MB
    Driver:   31.0.15.4633
Initialize mono
Mono path[0] = 'E:/Unity/2022.3.11f1/Editor/Data/Managed'
Mono path[1] = 'E:/Unity/2022.3.11f1/Editor/Data/MonoBleedingEdge/lib/mono/unityjit-win32'
Mono config path = 'E:/Unity/2022.3.11f1/Editor/Data/MonoBleedingEdge/etc'
Using monoOptions --debugger-agent=transport=dt_socket,embedding=1,server=y,suspend=n,address=127.0.0.1:56888
Begin MonoManager ReloadAssembly
Registering precompiled unity dll's ...
Register platform support module: E:/Unity/2022.3.11f1/Editor/Data/PlaybackEngines/WebGLSupport/UnityEditor.WebGL.Extensions.dll
Register platform support module: E:/Unity/2022.3.11f1/Editor/Data/PlaybackEngines/WindowsStandaloneSupport/UnityEditor.WindowsStandalone.Extensions.dll
Registered in 0.004405 seconds.
- Loaded All Assemblies, in  0.362 seconds
Native extension for WindowsStandalone target not found
Native extension for WebGL target not found
Mono: successfully reloaded assembly
- Finished resetting the current domain, in  0.273 seconds
Domain Reload Profiling: 635ms
	BeginReloadAssembly (101ms)
		ExecutionOrderSort (0ms)
		DisableScriptedObjects (0ms)
		BackupInstance (0ms)
		ReleaseScriptingObjects (0ms)
		CreateAndSetChildDomain (1ms)
	RebuildCommonClasses (42ms)
	RebuildNativeTypeToScriptingClass (13ms)
	initialDomainReloadingComplete (54ms)
	LoadAllAssembliesAndSetupDomain (152ms)
		LoadAssemblies (101ms)
		RebuildTransferFunctionScriptingTraits (0ms)
		AnalyzeDomain (150ms)
			TypeCache.Refresh (149ms)
				TypeCache.ScanAssembly (135ms)
			ScanForSourceGeneratedMonoScriptInfo (0ms)
			ResolveRequiredComponents (1ms)
	FinalizeReload (273ms)
		ReleaseScriptCaches (0ms)
		RebuildScriptCaches (0ms)
		SetupLoadedEditorAssemblies (211ms)
			LogAssemblyErrors (0ms)
			InitializePlatformSupportModulesInManaged (9ms)
			SetLoadedEditorAssemblies (5ms)
			RefreshPlugins (0ms)
			BeforeProcessingInitializeOnLoad (3ms)
			ProcessInitializeOnLoadAttributes (146ms)
			ProcessInitializeOnLoadMethodAttributes (49ms)
			AfterProcessingInitializeOnLoad (0ms)
			EditorAssembliesLoaded (0ms)
		ExecutionOrderSort2 (0ms)
		AwakeInstancesAfterBackupRestoration (0ms)
========================================================================
Worker process is ready to serve import requests
Begin MonoManager ReloadAssembly
- Loaded All Assemblies, in  0.609 seconds
Refreshing native plugins compatible for Editor in 1.66 ms, found 3 plugins.
Native extension for WindowsStandalone target not found
Native extension for WebGL target not found
Package Manager log level set to [2]
[Package Manager] Server::EnsureServerProcessIsRunning -- launch failed, reason: Unity was launched with the -noUpm command-line argument
[Package Manager] UpmClient::Send -- Unable to send message (not connected to UPM process).
[Package Manager] Cannot connect to Unity Package Manager local server
Mono: successfully reloaded assembly
- Finished resetting the current domain, in  0.554 seconds
Domain Reload Profiling: 1163ms
	BeginReloadAssembly (145ms)
		ExecutionOrderSort (0ms)
		DisableScriptedObjects (6ms)
		BackupInstance (0ms)
		ReleaseScriptingObjects (0ms)
		CreateAndSetChildDomain (24ms)
	RebuildCommonClasses (45ms)
	RebuildNativeTypeToScriptingClass (16ms)
	initialDomainReloadingComplete (40ms)
	LoadAllAssembliesAndSetupDomain (362ms)
		LoadAssemblies (245ms)
		RebuildTransferFunctionScriptingTraits (0ms)
		AnalyzeDomain (199ms)
			TypeCache.Refresh (177ms)
				TypeCache.ScanAssembly (164ms)
			ScanForSourceGeneratedMonoScriptInfo (15ms)
			ResolveRequiredComponents (5ms)
	FinalizeReload (555ms)
		ReleaseScriptCaches (0ms)
		RebuildScriptCaches (0ms)
		SetupLoadedEditorAssemblies (402ms)
			LogAssemblyErrors (0ms)
			InitializePlatformSupportModulesInManaged (5ms)
			SetLoadedEditorAssemblies (4ms)
			RefreshPlugins (0ms)
			BeforeProcessingInitializeOnLoad (57ms)
			ProcessInitializeOnLoadAttributes (310ms)
			ProcessInitializeOnLoadMethodAttributes (22ms)
			AfterProcessingInitializeOnLoad (3ms)
			EditorAssembliesLoaded (0ms)
		ExecutionOrderSort2 (0ms)
		AwakeInstancesAfterBackupRestoration (7ms)
Launched and connected shader compiler UnityShaderCompiler.exe after 0.04 seconds
Refreshing native plugins compatible for Editor in 1.54 ms, found 3 plugins.
Preloading 0 native plugins for Editor in 0.00 ms.
Unloading 3082 Unused Serialized files (Serialized files now loaded: 0)
Unloading 32 unused Assets / (56.8 KB). Loaded Objects now: 3544.
Memory consumption went from 121.1 MB to 121.0 MB.
Total: 3.176800 ms (FindLiveObjects: 0.280600 ms CreateObjectMapping: 0.090700 ms MarkObjects: 2.699300 ms  DeleteObjects: 0.105000 ms)

AssetImportParameters requested are different than current active one (requested -> active):
  custom:container-demuxer-ogg: 62fdf1f143b41e24485cea50d1cbac27 -> 
  custom:video-decoder-ogg-theora: a1e56fd34408186e4bbccfd4996cb3dc -> 
  custom:framework-win-MediaFoundation: 216162199b28c13a410421893ffa2e32 -> 
  custom:CustomObjectIndexerAttribute: 756ad292c208cfabdd7b50bc23989ffe -> 
  custom:container-demuxer-webm: 4f35f7cbe854078d1ac9338744f61a02 -> 
  custom:container-muxer-webm: aa71ff27fc2769a1b78a27578f13a17b -> 
  custom:video-decoder-webm-vp8: 9c59270c3fd7afecdb556c50c9e8de78 -> 
  custom:SearchIndexIgnoredProperties: e643bd26f0fe6173181afceb89e7c659 -> 
  custom:AudioImporter_EditorPlatform: d09bf68614088b80899f8185d706f6e7 -> 
  custom:video-encoder-webm-vp8: eb34c28f22e8b96e1ab97ce403110664 -> 
  custom:audio-decoder-ogg-vorbis: bf7c407c2cedff20999df2af8eb42d56 -> 
  custom:audio-encoder-webm-vorbis: bf7c407c2cedff20999df2af8eb42d56 -> 
========================================================================
Received Import Request.
  Time since last request: 352354.509898 seconds.
  path: Assets/Resources/Model/baseball-player/textures/NorMapAccesorios.png
  artifactKey: Guid(864a35a80f7eff648b87215d60af3559) Importer(815301076,1909f56bfc062723c751e8b465ee728b)
Start importing Assets/Resources/Model/baseball-player/textures/NorMapAccesorios.png using Guid(864a35a80f7eff648b87215d60af3559) Importer(815301076,1909f56bfc062723c751e8b465ee728b)  -> (artifact id: '7e219733687095783452f3e5246a073c') in 0.054087 seconds
Number of updated asset objects reloaded before import = 0
Number of asset objects unloaded after import = 2
========================================================================
Received Import Request.
  Time since last request: 17.379829 seconds.
  path: Assets/Resources/Model/baseball-player/source
  artifactKey: Guid(011b79feec1686f48a5808d40f9a04b9) Importer(815301076,1909f56bfc062723c751e8b465ee728b)
Start importing Assets/Resources/Model/baseball-player/source using Guid(011b79feec1686f48a5808d40f9a04b9) Importer(815301076,1909f56bfc062723c751e8b465ee728b)  -> (artifact id: '6c416a46b1acb8acc1252a66ab80737d') in 0.000484 seconds
Number of updated asset objects reloaded before import = 0
Number of asset objects unloaded after import = 0
========================================================================
Received Import Request.
  Time since last request: 5.774826 seconds.
  path: Assets/Resources/Model/baseball-player/textures
  artifactKey: Guid(07ee23bfab11eda4686c9ea60298c754) Importer(815301076,1909f56bfc062723c751e8b465ee728b)
Start importing Assets/Resources/Model/baseball-player/textures using Guid(07ee23bfab11eda4686c9ea60298c754) Importer(815301076,1909f56bfc062723c751e8b465ee728b)  -> (artifact id: '17fa070aa12b1835fb81eaff6fee17ec') in 0.000403 seconds
Number of updated asset objects reloaded before import = 0
Number of asset objects unloaded after import = 0
========================================================================
Received Import Request.
  Time since last request: 1286.433767 seconds.
  path: Assets/Resources/Model/baseball-player/Materials
  artifactKey: Guid(e5a39548320fc8149be797c31e266ba7) Importer(815301076,1909f56bfc062723c751e8b465ee728b)
Start importing Assets/Resources/Model/baseball-player/Materials using Guid(e5a39548320fc8149be797c31e266ba7) Importer(815301076,1909f56bfc062723c751e8b465ee728b)  -> (artifact id: 'bf8a17f9b613b411844624b1b87f6ab4') in 0.000507 seconds
Number of updated asset objects reloaded before import = 0
Number of asset objects unloaded after import = 0
========================================================================
Received Import Request.
  Time since last request: 0.047260 seconds.
  path: Assets/Resources/Model/baseball-player/Materials/Accesorios_NorMapAccesorios.mat
  artifactKey: Guid(9f863adc275172c41b038bd132e0d0b2) Importer(815301076,1909f56bfc062723c751e8b465ee728b)
Start importing Assets/Resources/Model/baseball-player/Materials/Accesorios_NorMapAccesorios.mat using Guid(9f863adc275172c41b038bd132e0d0b2) Importer(815301076,1909f56bfc062723c751e8b465ee728b)  -> (artifact id: 'f05c7cb78659f4f7902166e9263b55f5') in 0.068686 seconds
Number of updated asset objects reloaded before import = 0
Number of asset objects unloaded after import = 2
========================================================================
Received Import Request.
  Time since last request: 25.824622 seconds.
  path: Assets/Resources/Model/autumn-forest-wooden-house
  artifactKey: Guid(4c2dd7b225a1a884282948e96b8698c5) Importer(815301076,1909f56bfc062723c751e8b465ee728b)
Start importing Assets/Resources/Model/autumn-forest-wooden-house using Guid(4c2dd7b225a1a884282948e96b8698c5) Importer(815301076,1909f56bfc062723c751e8b465ee728b)  -> (artifact id: '1b42d0b56507dc6981fb619f4c6f5a0d') in 0.000430 seconds
Number of updated asset objects reloaded before import = 0
Number of asset objects unloaded after import = 0
========================================================================
Received Import Request.
  Time since last request: 1.254762 seconds.
  path: Assets/Resources/Model/autumn-forest-wooden-house/source
  artifactKey: Guid(0a2de1380f4e56542af7642122c5754d) Importer(815301076,1909f56bfc062723c751e8b465ee728b)
Start importing Assets/Resources/Model/autumn-forest-wooden-house/source using Guid(0a2de1380f4e56542af7642122c5754d) Importer(815301076,1909f56bfc062723c751e8b465ee728b)  -> (artifact id: '74e3d5ca2b36f55f5e2499c9a53ad653') in 0.000400 seconds
Number of updated asset objects reloaded before import = 0
Number of asset objects unloaded after import = 0
========================================================================
Received Import Request.
  Time since last request: 0.068929 seconds.
  path: Assets/Resources/Model/autumn-forest-wooden-house/source/forest_loner.fbx
  artifactKey: Guid(8a2f1d3a3dae11c468214bc0c3daf8d1) Importer(815301076,1909f56bfc062723c751e8b465ee728b)
Start importing Assets/Resources/Model/autumn-forest-wooden-house/source/forest_loner.fbx using Guid(8a2f1d3a3dae11c468214bc0c3daf8d1) Importer(815301076,1909f56bfc062723c751e8b465ee728b)  -> (artifact id: '25ebd4e3241311c061c02292ade014b5') in 2.202791 seconds
Number of updated asset objects reloaded before import = 0
Number of asset objects unloaded after import = 3290
========================================================================
Received Import Request.
  Time since last request: 8.850995 seconds.
  path: Assets/Resources/Model/autumn-forest-wooden-house/textures
  artifactKey: Guid(198b941e49b10504b92c81fb85153f9e) Importer(815301076,1909f56bfc062723c751e8b465ee728b)
Start importing Assets/Resources/Model/autumn-forest-wooden-house/textures using Guid(198b941e49b10504b92c81fb85153f9e) Importer(815301076,1909f56bfc062723c751e8b465ee728b)  -> (artifact id: 'a4394c0b8f1b8c35e5aea32e9f2c3c21') in 0.002801 seconds
Number of updated asset objects reloaded before import = 0
Number of asset objects unloaded after import = 0
========================================================================
Received Import Request.
  Time since last request: 0.052674 seconds.
  path: Assets/Resources/Model/autumn-forest-wooden-house/textures/AO_UNIQUE_TEXT.png
  artifactKey: Guid(43c831d8757571a46b1fd6968ad06a7f) Importer(815301076,1909f56bfc062723c751e8b465ee728b)
Start importing Assets/Resources/Model/autumn-forest-wooden-house/textures/AO_UNIQUE_TEXT.png using Guid(43c831d8757571a46b1fd6968ad06a7f) Importer(815301076,1909f56bfc062723c751e8b465ee728b)  -> (artifact id: '049d6c86b6f9301ea32053b150fc70a1') in 0.011799 seconds
Number of updated asset objects reloaded before import = 0
Number of asset objects unloaded after import = 2
========================================================================
Received Import Request.
  Time since last request: 0.000026 seconds.
  path: Assets/Resources/Model/autumn-forest-wooden-house/textures/T_FENCE_BC.png
  artifactKey: Guid(ca050ce7767ca0643b5fad781b4f6449) Importer(815301076,1909f56bfc062723c751e8b465ee728b)
Start importing Assets/Resources/Model/autumn-forest-wooden-house/textures/T_FENCE_BC.png using Guid(ca050ce7767ca0643b5fad781b4f6449) Importer(815301076,1909f56bfc062723c751e8b465ee728b)  -> (artifact id: 'cb6092b344975e90f7f8ebb0a447a530') in 0.008560 seconds
Number of updated asset objects reloaded before import = 0
Number of asset objects unloaded after import = 2
========================================================================
Received Import Request.
  Time since last request: 0.000020 seconds.
  path: Assets/Resources/Model/autumn-forest-wooden-house/textures/T_water_BC.png
  artifactKey: Guid(7b6161f115d80874e979a26529a56679) Importer(815301076,1909f56bfc062723c751e8b465ee728b)
Start importing Assets/Resources/Model/autumn-forest-wooden-house/textures/T_water_BC.png using Guid(7b6161f115d80874e979a26529a56679) Importer(815301076,1909f56bfc062723c751e8b465ee728b)  -> (artifact id: 'dae66ca141275cebccd9706a59f4eb33') in 0.008463 seconds
Number of updated asset objects reloaded before import = 0
Number of asset objects unloaded after import = 2
========================================================================
Received Import Request.
  Time since last request: 0.000023 seconds.
  path: Assets/Resources/Model/autumn-forest-wooden-house/textures/T_onder_water_BC.png
  artifactKey: Guid(006fb3c4db6c3684b8165bdf98b7cb3f) Importer(815301076,1909f56bfc062723c751e8b465ee728b)
Start importing Assets/Resources/Model/autumn-forest-wooden-house/textures/T_onder_water_BC.png using Guid(006fb3c4db6c3684b8165bdf98b7cb3f) Importer(815301076,1909f56bfc062723c751e8b465ee728b)  -> (artifact id: '6459f54f9f53d5f56cb46121f2d12153') in 0.010027 seconds
Number of updated asset objects reloaded before import = 0
Number of asset objects unloaded after import = 2
========================================================================
Received Import Request.
  Time since last request: 0.000014 seconds.
  path: Assets/Resources/Model/autumn-forest-wooden-house/textures/grijs_2.0.png
  artifactKey: Guid(7eee64738e70d2447a32b0bfb20bf697) Importer(815301076,1909f56bfc062723c751e8b465ee728b)
Start importing Assets/Resources/Model/autumn-forest-wooden-house/textures/grijs_2.0.png using Guid(7eee64738e70d2447a32b0bfb20bf697) Importer(815301076,1909f56bfc062723c751e8b465ee728b)  -> (artifact id: '1cc95c514ca6b4eb64245bef95c7255e') in 0.007955 seconds
Number of updated asset objects reloaded before import = 0
Number of asset objects unloaded after import = 2
========================================================================
Received Import Request.
  Time since last request: 0.000021 seconds.
  path: Assets/Resources/Model/autumn-forest-wooden-house/textures/T_platform_bc.png
  artifactKey: Guid(23e112df13130e248ab737bc70e1d9eb) Importer(815301076,1909f56bfc062723c751e8b465ee728b)
Start importing Assets/Resources/Model/autumn-forest-wooden-house/textures/T_platform_bc.png using Guid(23e112df13130e248ab737bc70e1d9eb) Importer(815301076,1909f56bfc062723c751e8b465ee728b)  -> (artifact id: 'c9ca0c561e5035c31ff6f48ef0d60197') in 0.010771 seconds
Number of updated asset objects reloaded before import = 0
Number of asset objects unloaded after import = 2
========================================================================
Received Import Request.
  Time since last request: 0.000012 seconds.
  path: Assets/Resources/Model/autumn-forest-wooden-house/textures/BUMP_walls_BC.png
  artifactKey: Guid(39fae3d884b4b1b498da84a92f7b89e4) Importer(815301076,1909f56bfc062723c751e8b465ee728b)
Start importing Assets/Resources/Model/autumn-forest-wooden-house/textures/BUMP_walls_BC.png using Guid(39fae3d884b4b1b498da84a92f7b89e4) Importer(815301076,1909f56bfc062723c751e8b465ee728b)  -> (artifact id: '88af0c91209ce48dd9f8e96ff114984a') in 0.009903 seconds
Number of updated asset objects reloaded before import = 0
Number of asset objects unloaded after import = 2
========================================================================
Received Import Request.
  Time since last request: 0.000019 seconds.
  path: Assets/Resources/Model/autumn-forest-wooden-house/textures/T_plant_1_BC.png
  artifactKey: Guid(9bf57d3404d7c6e44bbed5480c90de9c) Importer(815301076,1909f56bfc062723c751e8b465ee728b)
Start importing Assets/Resources/Model/autumn-forest-wooden-house/textures/T_plant_1_BC.png using Guid(9bf57d3404d7c6e44bbed5480c90de9c) Importer(815301076,1909f56bfc062723c751e8b465ee728b)  -> (artifact id: '7770df9a158b0e4f723250d5e637a423') in 0.007881 seconds
Number of updated asset objects reloaded before import = 0
Number of asset objects unloaded after import = 2
========================================================================
Received Import Request.
  Time since last request: 0.000022 seconds.
  path: Assets/Resources/Model/autumn-forest-wooden-house/textures/T_ROOF_BC.png
  artifactKey: Guid(b200b3ad4442a6542937ec4764e0dacb) Importer(815301076,1909f56bfc062723c751e8b465ee728b)
Start importing Assets/Resources/Model/autumn-forest-wooden-house/textures/T_ROOF_BC.png using Guid(b200b3ad4442a6542937ec4764e0dacb) Importer(815301076,1909f56bfc062723c751e8b465ee728b)  -> (artifact id: '803caec6e22fda1c38fba728786fe578') in 0.010559 seconds
Number of updated asset objects reloaded before import = 0
Number of asset objects unloaded after import = 2
========================================================================
Received Import Request.
  Time since last request: 0.000019 seconds.
  path: Assets/Resources/Model/autumn-forest-wooden-house/textures/BUMP_boom_2_BC.png
  artifactKey: Guid(50b60034c0acd284b82a996cb01c9153) Importer(815301076,1909f56bfc062723c751e8b465ee728b)
Start importing Assets/Resources/Model/autumn-forest-wooden-house/textures/BUMP_boom_2_BC.png using Guid(50b60034c0acd284b82a996cb01c9153) Importer(815301076,1909f56bfc062723c751e8b465ee728b)  -> (artifact id: 'a37f75e3328fec2b0eaa64b01f37ee3a') in 0.007711 seconds
Number of updated asset objects reloaded before import = 0
Number of asset objects unloaded after import = 2
========================================================================
Received Import Request.
  Time since last request: 0.000021 seconds.
  path: Assets/Resources/Model/autumn-forest-wooden-house/textures/R_don't.png
  artifactKey: Guid(c58c1149d4cb11a4fa15201949bd3107) Importer(815301076,1909f56bfc062723c751e8b465ee728b)
Start importing Assets/Resources/Model/autumn-forest-wooden-house/textures/R_don't.png using Guid(c58c1149d4cb11a4fa15201949bd3107) Importer(815301076,1909f56bfc062723c751e8b465ee728b)  -> (artifact id: 'ab3deef5b258933cbd8d6aaa676baaaf') in 0.008830 seconds
Number of updated asset objects reloaded before import = 0
Number of asset objects unloaded after import = 2
========================================================================
Received Import Request.
  Time since last request: 0.000022 seconds.
  path: Assets/Resources/Model/autumn-forest-wooden-house/textures/BUMP_groundplan_BC.png
  artifactKey: Guid(4fc1cab04ed08ff48aefe3e2401e4d48) Importer(815301076,1909f56bfc062723c751e8b465ee728b)
Start importing Assets/Resources/Model/autumn-forest-wooden-house/textures/BUMP_groundplan_BC.png using Guid(4fc1cab04ed08ff48aefe3e2401e4d48) Importer(815301076,1909f56bfc062723c751e8b465ee728b)  -> (artifact id: '806691de98c848a84f919c8d1af5c501') in 0.012011 seconds
Number of updated asset objects reloaded before import = 0
Number of asset objects unloaded after import = 2
========================================================================
Received Import Request.
  Time since last request: 0.000014 seconds.
  path: Assets/Resources/Model/autumn-forest-wooden-house/textures/T_boom_1_BC.png
  artifactKey: Guid(9a56d2a54963ec047ad60e34c49e14fc) Importer(815301076,1909f56bfc062723c751e8b465ee728b)
Start importing Assets/Resources/Model/autumn-forest-wooden-house/textures/T_boom_1_BC.png using Guid(9a56d2a54963ec047ad60e34c49e14fc) Importer(815301076,1909f56bfc062723c751e8b465ee728b)  -> (artifact id: '48d1414b580ac0fc995203d7af139be0') in 0.011018 seconds
Number of updated asset objects reloaded before import = 0
Number of asset objects unloaded after import = 2
========================================================================
Received Import Request.
  Time since last request: 0.000021 seconds.
  path: Assets/Resources/Model/autumn-forest-wooden-house/textures/dif_leafs_2_png.png
  artifactKey: Guid(0b14b1c479b21f74798bb22b47d4cfc6) Importer(815301076,1909f56bfc062723c751e8b465ee728b)
Start importing Assets/Resources/Model/autumn-forest-wooden-house/textures/dif_leafs_2_png.png using Guid(0b14b1c479b21f74798bb22b47d4cfc6) Importer(815301076,1909f56bfc062723c751e8b465ee728b)  -> (artifact id: '75893522885169683ee0f807513c208a') in 0.008344 seconds
Number of updated asset objects reloaded before import = 0
Number of asset objects unloaded after import = 2
========================================================================
Received Import Request.
  Time since last request: 0.000024 seconds.
  path: Assets/Resources/Model/autumn-forest-wooden-house/textures/T_boom_2_BC.png
  artifactKey: Guid(05b11a5a46750bb45884337081420a70) Importer(815301076,1909f56bfc062723c751e8b465ee728b)
Start importing Assets/Resources/Model/autumn-forest-wooden-house/textures/T_boom_2_BC.png using Guid(05b11a5a46750bb45884337081420a70) Importer(815301076,1909f56bfc062723c751e8b465ee728b)  -> (artifact id: '009bff6635a1e3d00c80825fd82bffa9') in 0.008550 seconds
Number of updated asset objects reloaded before import = 0
Number of asset objects unloaded after import = 2
========================================================================
Received Import Request.
  Time since last request: 0.000019 seconds.
  path: Assets/Resources/Model/autumn-forest-wooden-house/textures/T_lantern_BC.png
  artifactKey: Guid(30b3aa581cdfd0f4ea115129714fbab9) Importer(815301076,1909f56bfc062723c751e8b465ee728b)
Start importing Assets/Resources/Model/autumn-forest-wooden-house/textures/T_lantern_BC.png using Guid(30b3aa581cdfd0f4ea115129714fbab9) Importer(815301076,1909f56bfc062723c751e8b465ee728b)  -> (artifact id: 'c59da09f85380814b0badb12e238ddd4') in 0.007971 seconds
Number of updated asset objects reloaded before import = 0
Number of asset objects unloaded after import = 2
========================================================================
Received Import Request.
  Time since last request: 0.000023 seconds.
  path: Assets/Resources/Model/autumn-forest-wooden-house/textures/BUMP_unique_BC.png
  artifactKey: Guid(7a67b82992c08434fadd9003b36fea4a) Importer(815301076,1909f56bfc062723c751e8b465ee728b)
Start importing Assets/Resources/Model/autumn-forest-wooden-house/textures/BUMP_unique_BC.png using Guid(7a67b82992c08434fadd9003b36fea4a) Importer(815301076,1909f56bfc062723c751e8b465ee728b)  -> (artifact id: 'e277b1abb5b2af7990f2216d53783a37') in 0.009303 seconds
Number of updated asset objects reloaded before import = 0
Number of asset objects unloaded after import = 2
========================================================================
Received Import Request.
  Time since last request: 0.000019 seconds.
  path: Assets/Resources/Model/autumn-forest-wooden-house/textures/T_walls_BC.png
  artifactKey: Guid(7d4338e3604b7dc4fa22e27f6b90c24f) Importer(815301076,1909f56bfc062723c751e8b465ee728b)
Start importing Assets/Resources/Model/autumn-forest-wooden-house/textures/T_walls_BC.png using Guid(7d4338e3604b7dc4fa22e27f6b90c24f) Importer(815301076,1909f56bfc062723c751e8b465ee728b)  -> (artifact id: '33cbb3e9d338cefa23fc6ac91c53afe9') in 0.008236 seconds
Number of updated asset objects reloaded before import = 0
Number of asset objects unloaded after import = 2
========================================================================
Received Import Request.
  Time since last request: 0.000014 seconds.
  path: Assets/Resources/Model/autumn-forest-wooden-house/textures/BUMP_cliffrough_BC.png
  artifactKey: Guid(10ae5a01e0337d6449dec7a54a61b9f4) Importer(815301076,1909f56bfc062723c751e8b465ee728b)
Start importing Assets/Resources/Model/autumn-forest-wooden-house/textures/BUMP_cliffrough_BC.png using Guid(10ae5a01e0337d6449dec7a54a61b9f4) Importer(815301076,1909f56bfc062723c751e8b465ee728b)  -> (artifact id: '1933507d5d6a76352933494049fdd733') in 0.007251 seconds
Number of updated asset objects reloaded before import = 0
Number of asset objects unloaded after import = 2
========================================================================
Received Import Request.
  Time since last request: 0.000015 seconds.
  path: Assets/Resources/Model/autumn-forest-wooden-house/textures/T_WOOD_HOLDER_BC.png
  artifactKey: Guid(d26005f07450b6641afe61c4fcef2163) Importer(815301076,1909f56bfc062723c751e8b465ee728b)
Start importing Assets/Resources/Model/autumn-forest-wooden-house/textures/T_WOOD_HOLDER_BC.png using Guid(d26005f07450b6641afe61c4fcef2163) Importer(815301076,1909f56bfc062723c751e8b465ee728b)  -> (artifact id: 'db238a8b11f69ae21d057f8b949a80b3') in 0.007660 seconds
Number of updated asset objects reloaded before import = 0
Number of asset objects unloaded after import = 2
========================================================================
Received Import Request.
  Time since last request: 0.000012 seconds.
  path: Assets/Resources/Model/autumn-forest-wooden-house/textures/T_lantern_opacity.png
  artifactKey: Guid(a20776cb56c2e774a9f9194947e5c44d) Importer(815301076,1909f56bfc062723c751e8b465ee728b)
Start importing Assets/Resources/Model/autumn-forest-wooden-house/textures/T_lantern_opacity.png using Guid(a20776cb56c2e774a9f9194947e5c44d) Importer(815301076,1909f56bfc062723c751e8b465ee728b)  -> (artifact id: '71fca1d10c099c24d5d8e2854e6031fe') in 0.006505 seconds
Number of updated asset objects reloaded before import = 0
Number of asset objects unloaded after import = 2
========================================================================
Received Import Request.
  Time since last request: 0.000020 seconds.
  path: Assets/Resources/Model/autumn-forest-wooden-house/textures/T_boot_BC.png
  artifactKey: Guid(991f41cb9eb05d141b9b9bf08bedf765) Importer(815301076,1909f56bfc062723c751e8b465ee728b)
Start importing Assets/Resources/Model/autumn-forest-wooden-house/textures/T_boot_BC.png using Guid(991f41cb9eb05d141b9b9bf08bedf765) Importer(815301076,1909f56bfc062723c751e8b465ee728b)  -> (artifact id: '546d0ad2c1938ada3d91ab64e366215c') in 0.007477 seconds
Number of updated asset objects reloaded before import = 0
Number of asset objects unloaded after import = 2
========================================================================
Received Import Request.
  Time since last request: 0.000017 seconds.
  path: Assets/Resources/Model/autumn-forest-wooden-house/textures/T_sand+ground_BC.png
  artifactKey: Guid(d3f1ed615ec1b0e44b3a932c7fb7b3b0) Importer(815301076,1909f56bfc062723c751e8b465ee728b)
Start importing Assets/Resources/Model/autumn-forest-wooden-house/textures/T_sand+ground_BC.png using Guid(d3f1ed615ec1b0e44b3a932c7fb7b3b0) Importer(815301076,1909f56bfc062723c751e8b465ee728b)  -> (artifact id: 'fe1663619b58130b07496db2c86ce2b2') in 0.008582 seconds
Number of updated asset objects reloaded before import = 0
Number of asset objects unloaded after import = 2
========================================================================
Received Import Request.
  Time since last request: 0.000012 seconds.
  path: Assets/Resources/Model/autumn-forest-wooden-house/textures/T_vuilbak+bier_BC.png
  artifactKey: Guid(5c895c9a44565c14a865b05d094f88d2) Importer(815301076,1909f56bfc062723c751e8b465ee728b)
Start importing Assets/Resources/Model/autumn-forest-wooden-house/textures/T_vuilbak+bier_BC.png using Guid(5c895c9a44565c14a865b05d094f88d2) Importer(815301076,1909f56bfc062723c751e8b465ee728b)  -> (artifact id: '16e6340e7ada91820d4fa7e9b9f7a17d') in 0.008270 seconds
Number of updated asset objects reloaded before import = 0
Number of asset objects unloaded after import = 2
========================================================================
Received Import Request.
  Time since last request: 0.000014 seconds.
  path: Assets/Resources/Model/autumn-forest-wooden-house/textures/T_ivy+branch_BC.png
  artifactKey: Guid(05f3ee507175d644ba74c23a0bac17bb) Importer(815301076,1909f56bfc062723c751e8b465ee728b)
Start importing Assets/Resources/Model/autumn-forest-wooden-house/textures/T_ivy+branch_BC.png using Guid(05f3ee507175d644ba74c23a0bac17bb) Importer(815301076,1909f56bfc062723c751e8b465ee728b)  -> (artifact id: 'c7b9bdb593d0bb25668d5d5d56b19513') in 0.007510 seconds
Number of updated asset objects reloaded before import = 0
Number of asset objects unloaded after import = 2
========================================================================
Received Import Request.
  Time since last request: 0.000015 seconds.
  path: Assets/Resources/Model/autumn-forest-wooden-house/textures/T_cliffrough_BC.png
  artifactKey: Guid(5e7a4fe3b58fe774ba0f4f19e2432cbf) Importer(815301076,1909f56bfc062723c751e8b465ee728b)
Start importing Assets/Resources/Model/autumn-forest-wooden-house/textures/T_cliffrough_BC.png using Guid(5e7a4fe3b58fe774ba0f4f19e2432cbf) Importer(815301076,1909f56bfc062723c751e8b465ee728b)  -> (artifact id: 'a97e3043a343d9543b3a55ee00074cfb') in 0.007424 seconds
Number of updated asset objects reloaded before import = 0
Number of asset objects unloaded after import = 2
Editor requested this worker to shutdown with reason: Scaling down because of idle timeout
TcpMessagingSession - receive error: operation aborted. errorcode: 995, details: ќпераци€ ввода/вывода была прервана из-за завершени€ потока команд или по запросу приложени€.
AssetImportWorker is now disconnected from the server
Process exiting
Exiting without the bug reporter. Application will terminate with return code 0